Analysis & Synthesis report for nios2_ls
Mon Sep 24 09:55:15 2018
Quartus II 32-bit Version 13.0.1 Build 232 06/12/2013 Service Pack 1 SJ Full Version


---------------------
; Table of Contents ;
---------------------
  1. Legal Notice
  2. Analysis & Synthesis Summary
  3. Analysis & Synthesis Settings
  4. Analysis & Synthesis Messages
  5. Analysis & Synthesis Suppressed Messages



----------------
; Legal Notice ;
----------------
Copyright (C) 1991-2013 Altera Corporation
Your use of Altera Corporation's design tools, logic functions 
and other software and tools, and its AMPP partner logic 
functions, and any output files from any of the foregoing 
(including device programming or simulation files), and any 
associated documentation or information are expressly subject 
to the terms and conditions of the Altera Program License 
Subscription Agreement, Altera MegaCore Function License 
Agreement, or other applicable license agreement, including, 
without limitation, that your use is for the sole purpose of 
programming logic devices manufactured by Altera and sold by 
Altera or its authorized distributors.  Please refer to the 
applicable agreement for further details.



+---------------------------------------------------------------------------------------+
; Analysis & Synthesis Summary                                                          ;
+------------------------------------+--------------------------------------------------+
; Analysis & Synthesis Status        ; Failed - Mon Sep 24 09:55:15 2018                ;
; Quartus II 32-bit Version          ; 13.0.1 Build 232 06/12/2013 SP 1 SJ Full Version ;
; Revision Name                      ; nios2_ls                                         ;
; Top-level Entity Name              ; nios2_ls                                         ;
; Family                             ; Cyclone II                                       ;
; Total logic elements               ; N/A until Partition Merge                        ;
;     Total combinational functions  ; N/A until Partition Merge                        ;
;     Dedicated logic registers      ; N/A until Partition Merge                        ;
; Total registers                    ; N/A until Partition Merge                        ;
; Total pins                         ; N/A until Partition Merge                        ;
; Total virtual pins                 ; N/A until Partition Merge                        ;
; Total memory bits                  ; N/A until Partition Merge                        ;
; Embedded Multiplier 9-bit elements ; N/A until Partition Merge                        ;
; Total PLLs                         ; N/A until Partition Merge                        ;
+------------------------------------+--------------------------------------------------+


+----------------------------------------------------------------------------------------------------------------------+
; Analysis & Synthesis Settings                                                                                        ;
+----------------------------------------------------------------------------+--------------------+--------------------+
; Option                                                                     ; Setting            ; Default Value      ;
+----------------------------------------------------------------------------+--------------------+--------------------+
; Device                                                                     ; EP2C35F672C6       ;                    ;
; Top-level entity name                                                      ; nios2_ls           ; nios2_ls           ;
; Family name                                                                ; Cyclone II         ; Cyclone IV GX      ;
; Use smart compilation                                                      ; Off                ; Off                ;
; Enable parallel Assembler and TimeQuest Timing Analyzer during compilation ; On                 ; On                 ;
; Enable compact report table                                                ; Off                ; Off                ;
; Restructure Multiplexers                                                   ; Auto               ; Auto               ;
; Create Debugging Nodes for IP Cores                                        ; Off                ; Off                ;
; Preserve fewer node names                                                  ; On                 ; On                 ;
; Disable OpenCore Plus hardware evaluation                                  ; Off                ; Off                ;
; Verilog Version                                                            ; Verilog_2001       ; Verilog_2001       ;
; VHDL Version                                                               ; VHDL_1993          ; VHDL_1993          ;
; State Machine Processing                                                   ; Auto               ; Auto               ;
; Safe State Machine                                                         ; Off                ; Off                ;
; Extract Verilog State Machines                                             ; On                 ; On                 ;
; Extract VHDL State Machines                                                ; On                 ; On                 ;
; Ignore Verilog initial constructs                                          ; Off                ; Off                ;
; Iteration limit for constant Verilog loops                                 ; 5000               ; 5000               ;
; Iteration limit for non-constant Verilog loops                             ; 250                ; 250                ;
; Add Pass-Through Logic to Inferred RAMs                                    ; On                 ; On                 ;
; Infer RAMs from Raw Logic                                                  ; On                 ; On                 ;
; Parallel Synthesis                                                         ; On                 ; On                 ;
; DSP Block Balancing                                                        ; Auto               ; Auto               ;
; NOT Gate Push-Back                                                         ; On                 ; On                 ;
; Power-Up Don't Care                                                        ; On                 ; On                 ;
; Remove Redundant Logic Cells                                               ; Off                ; Off                ;
; Remove Duplicate Registers                                                 ; On                 ; On                 ;
; Ignore CARRY Buffers                                                       ; Off                ; Off                ;
; Ignore CASCADE Buffers                                                     ; Off                ; Off                ;
; Ignore GLOBAL Buffers                                                      ; Off                ; Off                ;
; Ignore ROW GLOBAL Buffers                                                  ; Off                ; Off                ;
; Ignore LCELL Buffers                                                       ; Off                ; Off                ;
; Ignore SOFT Buffers                                                        ; On                 ; On                 ;
; Limit AHDL Integers to 32 Bits                                             ; Off                ; Off                ;
; Optimization Technique                                                     ; Balanced           ; Balanced           ;
; Carry Chain Length                                                         ; 70                 ; 70                 ;
; Auto Carry Chains                                                          ; On                 ; On                 ;
; Auto Open-Drain Pins                                                       ; On                 ; On                 ;
; Perform WYSIWYG Primitive Resynthesis                                      ; Off                ; Off                ;
; Auto ROM Replacement                                                       ; On                 ; On                 ;
; Auto RAM Replacement                                                       ; On                 ; On                 ;
; Auto Shift Register Replacement                                            ; Auto               ; Auto               ;
; Allow Shift Register Merging across Hierarchies                            ; Auto               ; Auto               ;
; Auto Clock Enable Replacement                                              ; On                 ; On                 ;
; Strict RAM Replacement                                                     ; Off                ; Off                ;
; Allow Synchronous Control Signals                                          ; On                 ; On                 ;
; Force Use of Synchronous Clear Signals                                     ; Off                ; Off                ;
; Auto RAM to Logic Cell Conversion                                          ; Off                ; Off                ;
; Auto Resource Sharing                                                      ; Off                ; Off                ;
; Allow Any RAM Size For Recognition                                         ; Off                ; Off                ;
; Allow Any ROM Size For Recognition                                         ; Off                ; Off                ;
; Allow Any Shift Register Size For Recognition                              ; Off                ; Off                ;
; Use LogicLock Constraints during Resource Balancing                        ; On                 ; On                 ;
; Ignore translate_off and synthesis_off directives                          ; Off                ; Off                ;
; Timing-Driven Synthesis                                                    ; Off                ; Off                ;
; Report Parameter Settings                                                  ; On                 ; On                 ;
; Report Source Assignments                                                  ; On                 ; On                 ;
; Report Connectivity Checks                                                 ; On                 ; On                 ;
; Ignore Maximum Fan-Out Assignments                                         ; Off                ; Off                ;
; Synchronization Register Chain Length                                      ; 2                  ; 2                  ;
; PowerPlay Power Optimization                                               ; Normal compilation ; Normal compilation ;
; HDL message level                                                          ; Level2             ; Level2             ;
; Suppress Register Optimization Related Messages                            ; Off                ; Off                ;
; Number of Removed Registers Reported in Synthesis Report                   ; 5000               ; 5000               ;
; Number of Swept Nodes Reported in Synthesis Report                         ; 5000               ; 5000               ;
; Number of Inverted Registers Reported in Synthesis Report                  ; 100                ; 100                ;
; Clock MUX Protection                                                       ; On                 ; On                 ;
; Auto Gated Clock Conversion                                                ; Off                ; Off                ;
; Block Design Naming                                                        ; Auto               ; Auto               ;
; SDC constraint protection                                                  ; Off                ; Off                ;
; Synthesis Effort                                                           ; Auto               ; Auto               ;
; Shift Register Replacement - Allow Asynchronous Clear Signal               ; On                 ; On                 ;
; Pre-Mapping Resynthesis Optimization                                       ; Off                ; Off                ;
; Analysis & Synthesis Message Level                                         ; Medium             ; Medium             ;
; Disable Register Merging Across Hierarchies                                ; Auto               ; Auto               ;
; Resource Aware Inference For Block RAM                                     ; On                 ; On                 ;
; Synthesis Seed                                                             ; 1                  ; 1                  ;
+----------------------------------------------------------------------------+--------------------+--------------------+


+-------------------------------+
; Analysis & Synthesis Messages ;
+-------------------------------+
Info: *******************************************************************
Info: Running Quartus II 32-bit Analysis & Synthesis
    Info: Version 13.0.1 Build 232 06/12/2013 Service Pack 1 SJ Full Version
    Info: Processing started: Mon Sep 24 09:55:12 2018
Info: Command: quartus_map --read_settings_files=on --write_settings_files=off nios2_ls -c nios2_ls
Info (20029): Only one processor detected - disabling parallel compilation
Info (12021): Found 2 design units, including 1 entities, in source file nios2_ls.vhd
    Info (12022): Found design unit 1: IL2206_DE2_Nios2-Structure
    Info (12023): Found entity 1: IL2206_DE2_Nios2
Info (12021): Found 2 design units, including 1 entities, in source file nios2_ls_w_memory/nios2_ht18_lemonde_streit/synthesis/nios2_ht18_lemonde_streit.vhd
    Info (12022): Found design unit 1: nios2_ht18_lemonde_streit-rtl
    Info (12023): Found entity 1: nios2_ht18_lemonde_streit
Info (12021): Found 2 design units, including 1 entities, in source file nios2_ls_w_memory/nios2_ht18_lemonde_streit/synthesis/nios2_ht18_lemonde_streit_onchip_memory_s1_translator_avalon_universal_slave_0_agent_rsp_fifo.vhd
    Info (12022): Found design unit 1: nios2_ht18_lemonde_streit_onchip_memory_s1_translator_avalon_universal_slave_0_agent_rsp_fifo-rtl
    Info (12023): Found entity 1: nios2_ht18_lemonde_streit_onchip_memory_s1_translator_avalon_universal_slave_0_agent_rsp_fifo
Info (12021): Found 2 design units, including 1 entities, in source file nios2_ls_w_memory/nios2_ht18_lemonde_streit/synthesis/nios2_ht18_lemonde_streit_sram_avalon_sram_slave_translator_avalon_universal_slave_0_agent_rsp_fifo.vhd
    Info (12022): Found design unit 1: nios2_ht18_lemonde_streit_sram_avalon_sram_slave_translator_avalon_universal_slave_0_agent_rsp_fifo-rtl
    Info (12023): Found entity 1: nios2_ht18_lemonde_streit_sram_avalon_sram_slave_translator_avalon_universal_slave_0_agent_rsp_fifo
Info (12021): Found 2 design units, including 1 entities, in source file nios2_ls_w_memory/nios2_ht18_lemonde_streit/synthesis/nios2_ht18_lemonde_streit_sram_avalon_sram_slave_translator_avalon_universal_slave_0_agent_rdata_fifo.vhd
    Info (12022): Found design unit 1: nios2_ht18_lemonde_streit_sram_avalon_sram_slave_translator_avalon_universal_slave_0_agent_rdata_fifo-rtl
    Info (12023): Found entity 1: nios2_ht18_lemonde_streit_sram_avalon_sram_slave_translator_avalon_universal_slave_0_agent_rdata_fifo
Info (12021): Found 2 design units, including 1 entities, in source file nios2_ls_w_memory/nios2_ht18_lemonde_streit/synthesis/nios2_ht18_lemonde_streit_onchip_memory_s1_translator_avalon_universal_slave_0_agent.vhd
    Info (12022): Found design unit 1: nios2_ht18_lemonde_streit_onchip_memory_s1_translator_avalon_universal_slave_0_agent-rtl
    Info (12023): Found entity 1: nios2_ht18_lemonde_streit_onchip_memory_s1_translator_avalon_universal_slave_0_agent
Info (12021): Found 2 design units, including 1 entities, in source file nios2_ls_w_memory/nios2_ht18_lemonde_streit/synthesis/nios2_ht18_lemonde_streit_sram_avalon_sram_slave_translator_avalon_universal_slave_0_agent.vhd
    Info (12022): Found design unit 1: nios2_ht18_lemonde_streit_sram_avalon_sram_slave_translator_avalon_universal_slave_0_agent-rtl
    Info (12023): Found entity 1: nios2_ht18_lemonde_streit_sram_avalon_sram_slave_translator_avalon_universal_slave_0_agent
Info (12021): Found 2 design units, including 1 entities, in source file nios2_ls_w_memory/nios2_ht18_lemonde_streit/synthesis/nios2_ht18_lemonde_streit_width_adapter.vhd
    Info (12022): Found design unit 1: nios2_ht18_lemonde_streit_width_adapter-rtl
    Info (12023): Found entity 1: nios2_ht18_lemonde_streit_width_adapter
Info (12021): Found 2 design units, including 1 entities, in source file nios2_ls_w_memory/nios2_ht18_lemonde_streit/synthesis/nios2_ht18_lemonde_streit_width_adapter_001.vhd
    Info (12022): Found design unit 1: nios2_ht18_lemonde_streit_width_adapter_001-rtl
    Info (12023): Found entity 1: nios2_ht18_lemonde_streit_width_adapter_001
Info (12021): Found 2 design units, including 1 entities, in source file nios2_ls_w_memory/nios2_ht18_lemonde_streit/synthesis/nios2_ht18_lemonde_streit_nios2_ht18_lemonde_streit_data_master_translator.vhd
    Info (12022): Found design unit 1: nios2_ht18_lemonde_streit_nios2_ht18_lemonde_streit_data_master_translator-rtl
    Info (12023): Found entity 1: nios2_ht18_lemonde_streit_nios2_ht18_lemonde_streit_data_master_translator
Info (12021): Found 2 design units, including 1 entities, in source file nios2_ls_w_memory/nios2_ht18_lemonde_streit/synthesis/nios2_ht18_lemonde_streit_nios2_ht18_lemonde_streit_instruction_master_translator.vhd
    Info (12022): Found design unit 1: nios2_ht18_lemonde_streit_nios2_ht18_lemonde_streit_instruction_master_translator-rtl
    Info (12023): Found entity 1: nios2_ht18_lemonde_streit_nios2_ht18_lemonde_streit_instruction_master_translator
Info (12021): Found 2 design units, including 1 entities, in source file nios2_ls_w_memory/nios2_ht18_lemonde_streit/synthesis/nios2_ht18_lemonde_streit_onchip_memory_s1_translator.vhd
    Info (12022): Found design unit 1: nios2_ht18_lemonde_streit_onchip_memory_s1_translator-rtl
    Info (12023): Found entity 1: nios2_ht18_lemonde_streit_onchip_memory_s1_translator
Info (12021): Found 2 design units, including 1 entities, in source file nios2_ls_w_memory/nios2_ht18_lemonde_streit/synthesis/nios2_ht18_lemonde_streit_ht18_lemonde_streit_control_slave_translator.vhd
    Info (12022): Found design unit 1: nios2_ht18_lemonde_streit_ht18_lemonde_streit_control_slave_translator-rtl
    Info (12023): Found entity 1: nios2_ht18_lemonde_streit_ht18_lemonde_streit_control_slave_translator
Info (12021): Found 2 design units, including 1 entities, in source file nios2_ls_w_memory/nios2_ht18_lemonde_streit/synthesis/nios2_ht18_lemonde_streit_jtag_uart_0_avalon_jtag_slave_translator.vhd
    Info (12022): Found design unit 1: nios2_ht18_lemonde_streit_jtag_uart_0_avalon_jtag_slave_translator-rtl
    Info (12023): Found entity 1: nios2_ht18_lemonde_streit_jtag_uart_0_avalon_jtag_slave_translator
Info (12021): Found 2 design units, including 1 entities, in source file nios2_ls_w_memory/nios2_ht18_lemonde_streit/synthesis/nios2_ht18_lemonde_streit_nios2_ht18_lemonde_streit_jtag_debug_module_translator.vhd
    Info (12022): Found design unit 1: nios2_ht18_lemonde_streit_nios2_ht18_lemonde_streit_jtag_debug_module_translator-rtl
    Info (12023): Found entity 1: nios2_ht18_lemonde_streit_nios2_ht18_lemonde_streit_jtag_debug_module_translator
Info (12021): Found 2 design units, including 1 entities, in source file nios2_ls_w_memory/nios2_ht18_lemonde_streit/synthesis/nios2_ht18_lemonde_streit_timer_0_s1_translator.vhd
    Info (12022): Found design unit 1: nios2_ht18_lemonde_streit_timer_0_s1_translator-rtl
    Info (12023): Found entity 1: nios2_ht18_lemonde_streit_timer_0_s1_translator
Info (12021): Found 2 design units, including 1 entities, in source file nios2_ls_w_memory/nios2_ht18_lemonde_streit/synthesis/nios2_ht18_lemonde_streit_p_counter_control_slave_translator.vhd
    Info (12022): Found design unit 1: nios2_ht18_lemonde_streit_p_counter_control_slave_translator-rtl
    Info (12023): Found entity 1: nios2_ht18_lemonde_streit_p_counter_control_slave_translator
Info (12021): Found 2 design units, including 1 entities, in source file nios2_ls_w_memory/nios2_ht18_lemonde_streit/synthesis/nios2_ht18_lemonde_streit_de2_pio_toggles18_s1_translator.vhd
    Info (12022): Found design unit 1: nios2_ht18_lemonde_streit_de2_pio_toggles18_s1_translator-rtl
    Info (12023): Found entity 1: nios2_ht18_lemonde_streit_de2_pio_toggles18_s1_translator
Info (12021): Found 2 design units, including 1 entities, in source file nios2_ls_w_memory/nios2_ht18_lemonde_streit/synthesis/nios2_ht18_lemonde_streit_sram_avalon_sram_slave_translator.vhd
    Info (12022): Found design unit 1: nios2_ht18_lemonde_streit_sram_avalon_sram_slave_translator-rtl
    Info (12023): Found entity 1: nios2_ht18_lemonde_streit_sram_avalon_sram_slave_translator
Info (12021): Found 2 design units, including 1 entities, in source file nios2_ls_w_memory/nios2_ht18_lemonde_streit/synthesis/nios2_ht18_lemonde_streit_sdram_s1_translator.vhd
    Info (12022): Found design unit 1: nios2_ht18_lemonde_streit_sdram_s1_translator-rtl
    Info (12023): Found entity 1: nios2_ht18_lemonde_streit_sdram_s1_translator
Info (12021): Found 2 design units, including 1 entities, in source file nios2_ls_w_memory/nios2_ht18_lemonde_streit/synthesis/nios2_ht18_lemonde_streit_rst_controller.vhd
    Info (12022): Found design unit 1: nios2_ht18_lemonde_streit_rst_controller-rtl
    Info (12023): Found entity 1: nios2_ht18_lemonde_streit_rst_controller
Info (12021): Found 2 design units, including 1 entities, in source file nios2_ls_w_memory/nios2_ht18_lemonde_streit/synthesis/nios2_ht18_lemonde_streit_rst_controller_001.vhd
    Info (12022): Found design unit 1: nios2_ht18_lemonde_streit_rst_controller_001-rtl
    Info (12023): Found entity 1: nios2_ht18_lemonde_streit_rst_controller_001
Info (12021): Found 2 design units, including 1 entities, in source file nios2_ls_w_memory/nios2_ht18_lemonde_streit/synthesis/nios2_ht18_lemonde_streit_rst_controller_002.vhd
    Info (12022): Found design unit 1: nios2_ht18_lemonde_streit_rst_controller_002-rtl
    Info (12023): Found entity 1: nios2_ht18_lemonde_streit_rst_controller_002
Info (12021): Found 1 design units, including 1 entities, in source file nios2_ls_w_memory/nios2_ht18_lemonde_streit/synthesis/submodules/nios2_ht18_lemonde_streit_irq_mapper.sv
    Info (12023): Found entity 1: nios2_ht18_lemonde_streit_irq_mapper
Info (12021): Found 1 design units, including 1 entities, in source file nios2_ls_w_memory/nios2_ht18_lemonde_streit/synthesis/submodules/altera_merlin_width_adapter.sv
    Info (12023): Found entity 1: altera_merlin_width_adapter
Info (12021): Found 1 design units, including 1 entities, in source file nios2_ls_w_memory/nios2_ht18_lemonde_streit/synthesis/submodules/altera_merlin_address_alignment.sv
    Info (12023): Found entity 1: altera_merlin_address_alignment
Info (12021): Found 1 design units, including 1 entities, in source file nios2_ls_w_memory/nios2_ht18_lemonde_streit/synthesis/submodules/altera_merlin_burst_uncompressor.sv
    Info (12023): Found entity 1: altera_merlin_burst_uncompressor
Info (12021): Found 2 design units, including 2 entities, in source file nios2_ls_w_memory/nios2_ht18_lemonde_streit/synthesis/submodules/altera_merlin_arbitrator.sv
    Info (12023): Found entity 1: altera_merlin_arbitrator
    Info (12023): Found entity 2: altera_merlin_arb_adder
Info (12021): Found 1 design units, including 1 entities, in source file nios2_ls_w_memory/nios2_ht18_lemonde_streit/synthesis/submodules/nios2_ht18_lemonde_streit_rsp_xbar_mux_001.sv
    Info (12023): Found entity 1: nios2_ht18_lemonde_streit_rsp_xbar_mux_001
Info (12021): Found 1 design units, including 1 entities, in source file nios2_ls_w_memory/nios2_ht18_lemonde_streit/synthesis/submodules/nios2_ht18_lemonde_streit_rsp_xbar_mux.sv
    Info (12023): Found entity 1: nios2_ht18_lemonde_streit_rsp_xbar_mux
Info (12021): Found 1 design units, including 1 entities, in source file nios2_ls_w_memory/nios2_ht18_lemonde_streit/synthesis/submodules/nios2_ht18_lemonde_streit_rsp_xbar_demux_001.sv
    Info (12023): Found entity 1: nios2_ht18_lemonde_streit_rsp_xbar_demux_001
Info (12021): Found 1 design units, including 1 entities, in source file nios2_ls_w_memory/nios2_ht18_lemonde_streit/synthesis/submodules/nios2_ht18_lemonde_streit_rsp_xbar_demux.sv
    Info (12023): Found entity 1: nios2_ht18_lemonde_streit_rsp_xbar_demux
Info (12021): Found 1 design units, including 1 entities, in source file nios2_ls_w_memory/nios2_ht18_lemonde_streit/synthesis/submodules/nios2_ht18_lemonde_streit_cmd_xbar_mux.sv
    Info (12023): Found entity 1: nios2_ht18_lemonde_streit_cmd_xbar_mux
Info (12021): Found 1 design units, including 1 entities, in source file nios2_ls_w_memory/nios2_ht18_lemonde_streit/synthesis/submodules/nios2_ht18_lemonde_streit_cmd_xbar_demux_001.sv
    Info (12023): Found entity 1: nios2_ht18_lemonde_streit_cmd_xbar_demux_001
Info (12021): Found 1 design units, including 1 entities, in source file nios2_ls_w_memory/nios2_ht18_lemonde_streit/synthesis/submodules/nios2_ht18_lemonde_streit_cmd_xbar_demux.sv
    Info (12023): Found entity 1: nios2_ht18_lemonde_streit_cmd_xbar_demux
Info (12021): Found 1 design units, including 1 entities, in source file nios2_ls_w_memory/nios2_ht18_lemonde_streit/synthesis/submodules/altera_reset_controller.v
    Info (12023): Found entity 1: altera_reset_controller
Info (12021): Found 1 design units, including 1 entities, in source file nios2_ls_w_memory/nios2_ht18_lemonde_streit/synthesis/submodules/altera_reset_synchronizer.v
    Info (12023): Found entity 1: altera_reset_synchronizer
Info (12021): Found 7 design units, including 7 entities, in source file nios2_ls_w_memory/nios2_ht18_lemonde_streit/synthesis/submodules/altera_merlin_burst_adapter.sv
    Info (12023): Found entity 1: altera_merlin_burst_adapter_burstwrap_increment
    Info (12023): Found entity 2: altera_merlin_burst_adapter_adder
    Info (12023): Found entity 3: altera_merlin_burst_adapter_subtractor
    Info (12023): Found entity 4: altera_merlin_burst_adapter_min
    Info (12023): Found entity 5: altera_merlin_burst_adapter
    Info (12023): Found entity 6: altera_merlin_burst_adapter_uncompressed_only
    Info (12023): Found entity 7: altera_merlin_burst_adapter_full
Info (12021): Found 2 design units, including 2 entities, in source file nios2_ls_w_memory/nios2_ht18_lemonde_streit/synthesis/submodules/nios2_ht18_lemonde_streit_id_router_013.sv
    Info (12023): Found entity 1: nios2_ht18_lemonde_streit_id_router_013_default_decode
    Info (12023): Found entity 2: nios2_ht18_lemonde_streit_id_router_013
Info (12021): Found 2 design units, including 2 entities, in source file nios2_ls_w_memory/nios2_ht18_lemonde_streit/synthesis/submodules/nios2_ht18_lemonde_streit_id_router_001.sv
    Info (12023): Found entity 1: nios2_ht18_lemonde_streit_id_router_001_default_decode
    Info (12023): Found entity 2: nios2_ht18_lemonde_streit_id_router_001
Info (12021): Found 2 design units, including 2 entities, in source file nios2_ls_w_memory/nios2_ht18_lemonde_streit/synthesis/submodules/nios2_ht18_lemonde_streit_id_router.sv
    Info (12023): Found entity 1: nios2_ht18_lemonde_streit_id_router_default_decode
    Info (12023): Found entity 2: nios2_ht18_lemonde_streit_id_router
Info (12021): Found 2 design units, including 2 entities, in source file nios2_ls_w_memory/nios2_ht18_lemonde_streit/synthesis/submodules/nios2_ht18_lemonde_streit_addr_router_001.sv
    Info (12023): Found entity 1: nios2_ht18_lemonde_streit_addr_router_001_default_decode
    Info (12023): Found entity 2: nios2_ht18_lemonde_streit_addr_router_001
Info (12021): Found 2 design units, including 2 entities, in source file nios2_ls_w_memory/nios2_ht18_lemonde_streit/synthesis/submodules/nios2_ht18_lemonde_streit_addr_router.sv
    Info (12023): Found entity 1: nios2_ht18_lemonde_streit_addr_router_default_decode
    Info (12023): Found entity 2: nios2_ht18_lemonde_streit_addr_router
Info (12021): Found 1 design units, including 1 entities, in source file nios2_ls_w_memory/nios2_ht18_lemonde_streit/synthesis/submodules/altera_avalon_sc_fifo.v
    Info (12023): Found entity 1: altera_avalon_sc_fifo
Info (12021): Found 1 design units, including 1 entities, in source file nios2_ls_w_memory/nios2_ht18_lemonde_streit/synthesis/submodules/altera_merlin_slave_agent.sv
    Info (12023): Found entity 1: altera_merlin_slave_agent
Info (12021): Found 1 design units, including 1 entities, in source file nios2_ls_w_memory/nios2_ht18_lemonde_streit/synthesis/submodules/altera_merlin_master_agent.sv
    Info (12023): Found entity 1: altera_merlin_master_agent
Info (12021): Found 1 design units, including 1 entities, in source file nios2_ls_w_memory/nios2_ht18_lemonde_streit/synthesis/submodules/altera_merlin_slave_translator.sv
    Info (12023): Found entity 1: altera_merlin_slave_translator
Info (12021): Found 1 design units, including 1 entities, in source file nios2_ls_w_memory/nios2_ht18_lemonde_streit/synthesis/submodules/altera_merlin_master_translator.sv
    Info (12023): Found entity 1: altera_merlin_master_translator
Info (12021): Found 1 design units, including 1 entities, in source file nios2_ls_w_memory/nios2_ht18_lemonde_streit/synthesis/submodules/nios2_ht18_lemonde_streit_sram.v
    Info (12023): Found entity 1: nios2_ht18_lemonde_streit_sram
Info (12021): Found 1 design units, including 1 entities, in source file nios2_ls_w_memory/nios2_ht18_lemonde_streit/synthesis/submodules/nios2_ht18_lemonde_streit_up_clocks_0.v
    Info (12023): Found entity 1: nios2_ht18_lemonde_streit_up_clocks_0
Info (12021): Found 2 design units, including 2 entities, in source file nios2_ls_w_memory/nios2_ht18_lemonde_streit/synthesis/submodules/nios2_ht18_lemonde_streit_sdram.v
    Info (12023): Found entity 1: nios2_ht18_lemonde_streit_sdram_input_efifo_module
    Info (12023): Found entity 2: nios2_ht18_lemonde_streit_sdram
Info (12021): Found 1 design units, including 1 entities, in source file nios2_ls_w_memory/nios2_ht18_lemonde_streit/synthesis/submodules/nios2_ht18_lemonde_streit_de2_pio_hex_high28.v
    Info (12023): Found entity 1: nios2_ht18_lemonde_streit_de2_pio_hex_high28
Info (12021): Found 1 design units, including 1 entities, in source file nios2_ls_w_memory/nios2_ht18_lemonde_streit/synthesis/submodules/nios2_ht18_lemonde_streit_de2_pio_greenled9.v
    Info (12023): Found entity 1: nios2_ht18_lemonde_streit_de2_pio_greenled9
Info (12021): Found 1 design units, including 1 entities, in source file nios2_ls_w_memory/nios2_ht18_lemonde_streit/synthesis/submodules/nios2_ht18_lemonde_streit_de2_pio_redled18.v
    Info (12023): Found entity 1: nios2_ht18_lemonde_streit_de2_pio_redled18
Info (12021): Found 1 design units, including 1 entities, in source file nios2_ls_w_memory/nios2_ht18_lemonde_streit/synthesis/submodules/nios2_ht18_lemonde_streit_de2_pio_keys4.v
    Info (12023): Found entity 1: nios2_ht18_lemonde_streit_de2_pio_keys4
Info (12021): Found 1 design units, including 1 entities, in source file nios2_ls_w_memory/nios2_ht18_lemonde_streit/synthesis/submodules/nios2_ht18_lemonde_streit_de2_pio_toggles18.v
    Info (12023): Found entity 1: nios2_ht18_lemonde_streit_de2_pio_toggles18
Info (12021): Found 1 design units, including 1 entities, in source file nios2_ls_w_memory/nios2_ht18_lemonde_streit/synthesis/submodules/nios2_ht18_lemonde_streit_p_counter.v
    Info (12023): Found entity 1: nios2_ht18_lemonde_streit_p_counter
Info (12021): Found 1 design units, including 1 entities, in source file nios2_ls_w_memory/nios2_ht18_lemonde_streit/synthesis/submodules/nios2_ht18_lemonde_streit_timer_1.v
    Info (12023): Found entity 1: nios2_ht18_lemonde_streit_timer_1
Info (12021): Found 1 design units, including 1 entities, in source file nios2_ls_w_memory/nios2_ht18_lemonde_streit/synthesis/submodules/nios2_ht18_lemonde_streit_timer_0.v
    Info (12023): Found entity 1: nios2_ht18_lemonde_streit_timer_0
Info (12021): Found 5 design units, including 5 entities, in source file nios2_ls_w_memory/nios2_ht18_lemonde_streit/synthesis/submodules/nios2_ht18_lemonde_streit_jtag_uart_0.v
    Info (12023): Found entity 1: nios2_ht18_lemonde_streit_jtag_uart_0_sim_scfifo_w
    Info (12023): Found entity 2: nios2_ht18_lemonde_streit_jtag_uart_0_scfifo_w
    Info (12023): Found entity 3: nios2_ht18_lemonde_streit_jtag_uart_0_sim_scfifo_r
    Info (12023): Found entity 4: nios2_ht18_lemonde_streit_jtag_uart_0_scfifo_r
    Info (12023): Found entity 5: nios2_ht18_lemonde_streit_jtag_uart_0
Info (12021): Found 1 design units, including 1 entities, in source file nios2_ls_w_memory/nios2_ht18_lemonde_streit/synthesis/submodules/nios2_ht18_lemonde_streit_ht18_lemonde_streit.v
    Info (12023): Found entity 1: nios2_ht18_lemonde_streit_ht18_lemonde_streit
Info (12021): Found 1 design units, including 1 entities, in source file nios2_ls_w_memory/nios2_ht18_lemonde_streit/synthesis/submodules/nios2_ht18_lemonde_streit_onchip_memory.v
    Info (12023): Found entity 1: nios2_ht18_lemonde_streit_onchip_memory
Info (12021): Found 1 design units, including 1 entities, in source file nios2_ls_w_memory/nios2_ht18_lemonde_streit/synthesis/submodules/nios2_ht18_lemonde_streit_nios2_ht18_lemonde_streit_jtag_debug_module_sysclk.v
    Info (12023): Found entity 1: nios2_ht18_lemonde_streit_nios2_ht18_lemonde_streit_jtag_debug_module_sysclk
Info (12021): Found 1 design units, including 1 entities, in source file nios2_ls_w_memory/nios2_ht18_lemonde_streit/synthesis/submodules/nios2_ht18_lemonde_streit_nios2_ht18_lemonde_streit_jtag_debug_module_wrapper.v
    Info (12023): Found entity 1: nios2_ht18_lemonde_streit_nios2_ht18_lemonde_streit_jtag_debug_module_wrapper
Info (12021): Found 1 design units, including 1 entities, in source file nios2_ls_w_memory/nios2_ht18_lemonde_streit/synthesis/submodules/nios2_ht18_lemonde_streit_nios2_ht18_lemonde_streit_oci_test_bench.v
    Info (12023): Found entity 1: nios2_ht18_lemonde_streit_nios2_ht18_lemonde_streit_oci_test_bench
Info (12021): Found 1 design units, including 1 entities, in source file nios2_ls_w_memory/nios2_ht18_lemonde_streit/synthesis/submodules/nios2_ht18_lemonde_streit_nios2_ht18_lemonde_streit_jtag_debug_module_tck.v
    Info (12023): Found entity 1: nios2_ht18_lemonde_streit_nios2_ht18_lemonde_streit_jtag_debug_module_tck
Info (12021): Found 21 design units, including 21 entities, in source file nios2_ls_w_memory/nios2_ht18_lemonde_streit/synthesis/submodules/nios2_ht18_lemonde_streit_nios2_ht18_lemonde_streit.v
    Info (12023): Found entity 1: nios2_ht18_lemonde_streit_nios2_ht18_lemonde_streit_register_bank_a_module
    Info (12023): Found entity 2: nios2_ht18_lemonde_streit_nios2_ht18_lemonde_streit_register_bank_b_module
    Info (12023): Found entity 3: nios2_ht18_lemonde_streit_nios2_ht18_lemonde_streit_nios2_oci_debug
    Info (12023): Found entity 4: nios2_ht18_lemonde_streit_nios2_ht18_lemonde_streit_ociram_sp_ram_module
    Info (12023): Found entity 5: nios2_ht18_lemonde_streit_nios2_ht18_lemonde_streit_nios2_ocimem
    Info (12023): Found entity 6: nios2_ht18_lemonde_streit_nios2_ht18_lemonde_streit_nios2_avalon_reg
    Info (12023): Found entity 7: nios2_ht18_lemonde_streit_nios2_ht18_lemonde_streit_nios2_oci_break
    Info (12023): Found entity 8: nios2_ht18_lemonde_streit_nios2_ht18_lemonde_streit_nios2_oci_xbrk
    Info (12023): Found entity 9: nios2_ht18_lemonde_streit_nios2_ht18_lemonde_streit_nios2_oci_dbrk
    Info (12023): Found entity 10: nios2_ht18_lemonde_streit_nios2_ht18_lemonde_streit_nios2_oci_itrace
    Info (12023): Found entity 11: nios2_ht18_lemonde_streit_nios2_ht18_lemonde_streit_nios2_oci_td_mode
    Info (12023): Found entity 12: nios2_ht18_lemonde_streit_nios2_ht18_lemonde_streit_nios2_oci_dtrace
    Info (12023): Found entity 13: nios2_ht18_lemonde_streit_nios2_ht18_lemonde_streit_nios2_oci_compute_tm_count
    Info (12023): Found entity 14: nios2_ht18_lemonde_streit_nios2_ht18_lemonde_streit_nios2_oci_fifowp_inc
    Info (12023): Found entity 15: nios2_ht18_lemonde_streit_nios2_ht18_lemonde_streit_nios2_oci_fifocount_inc
    Info (12023): Found entity 16: nios2_ht18_lemonde_streit_nios2_ht18_lemonde_streit_nios2_oci_fifo
    Info (12023): Found entity 17: nios2_ht18_lemonde_streit_nios2_ht18_lemonde_streit_nios2_oci_pib
    Info (12023): Found entity 18: nios2_ht18_lemonde_streit_nios2_ht18_lemonde_streit_nios2_oci_im
    Info (12023): Found entity 19: nios2_ht18_lemonde_streit_nios2_ht18_lemonde_streit_nios2_performance_monitors
    Info (12023): Found entity 20: nios2_ht18_lemonde_streit_nios2_ht18_lemonde_streit_nios2_oci
    Info (12023): Found entity 21: nios2_ht18_lemonde_streit_nios2_ht18_lemonde_streit
Info (12021): Found 1 design units, including 1 entities, in source file nios2_ls_w_memory/nios2_ht18_lemonde_streit/synthesis/submodules/nios2_ht18_lemonde_streit_nios2_ht18_lemonde_streit_test_bench.v
    Info (12023): Found entity 1: nios2_ht18_lemonde_streit_nios2_ht18_lemonde_streit_test_bench
Error (12007): Top-level design entity "nios2_ls" is undefined
Info (144001): Generated suppressed messages file /home/student/Labs/embedded-systems-labs/il2206-lab-master/hardware/DE2-own-build/output_files/nios2_ls.map.smsg
Error: Quartus II 32-bit Analysis & Synthesis was unsuccessful. 1 error, 0 warnings
    Error: Peak virtual memory: 376 megabytes
    Error: Processing ended: Mon Sep 24 09:55:16 2018
    Error: Elapsed time: 00:00:04
    Error: Total CPU time (on all processors): 00:00:02


+------------------------------------------+
; Analysis & Synthesis Suppressed Messages ;
+------------------------------------------+
The suppressed messages can be found in /home/student/Labs/embedded-systems-labs/il2206-lab-master/hardware/DE2-own-build/output_files/nios2_ls.map.smsg.


