Info: Starting: Create block symbol file (.bsf)
Info: ip-generate --project-directory=/home/student/Labs/embedded-systems-labs/il2206-lab-master/hardware/ --output-directory=/home/student/Labs/embedded-systems-labs/il2206-lab-master/hardware/nios2_ht18_lemonde_streit/ --report-file=bsf:/home/student/Labs/embedded-systems-labs/il2206-lab-master/hardware/nios2_ht18_lemonde_streit.bsf --system-info=DEVICE_FAMILY="Cyclone II" --system-info=DEVICE=EP2C35F672C6 --system-info=DEVICE_SPEEDGRADE=6 --component-file=/home/student/Labs/embedded-systems-labs/il2206-lab-master/hardware/nios2_ht18_lemonde_streit.qsys
Progress: Loading hardware/nios2_ht18_lemonde_streit.qsys
Progress: Reading input file
Progress: Adding clk [clock_source 13.0]
Progress: Parameterizing module clk
Progress: Adding nios2_ht18_lemonde_streit [altera_nios2_qsys 13.0]
Progress: Parameterizing module nios2_ht18_lemonde_streit
Progress: Adding onchip_memory [altera_avalon_onchip_memory2 13.0.1.99.2]
Progress: Parameterizing module onchip_memory
Progress: Adding jtag_uart_0 [altera_avalon_jtag_uart 13.0.1.99.2]
Progress: Parameterizing module jtag_uart_0
Progress: Building connections
Progress: Parameterizing connections
Progress: Validating
Progress: Done reading input file
Info: ip-generate succeeded.
Info: Finished: Create block symbol file (.bsf)
Info: 
Info: Starting: Create HDL design files for synthesis
Info: ip-generate --project-directory=/home/student/Labs/embedded-systems-labs/il2206-lab-master/hardware/ --output-directory=/home/student/Labs/embedded-systems-labs/il2206-lab-master/hardware/nios2_ht18_lemonde_streit/synthesis/ --file-set=QUARTUS_SYNTH --report-file=sopcinfo:/home/student/Labs/embedded-systems-labs/il2206-lab-master/hardware/nios2_ht18_lemonde_streit.sopcinfo --report-file=html:/home/student/Labs/embedded-systems-labs/il2206-lab-master/hardware/nios2_ht18_lemonde_streit.html --report-file=qip:/home/student/Labs/embedded-systems-labs/il2206-lab-master/hardware/nios2_ht18_lemonde_streit/synthesis/nios2_ht18_lemonde_streit.qip --report-file=cmp:/home/student/Labs/embedded-systems-labs/il2206-lab-master/hardware/nios2_ht18_lemonde_streit.cmp --report-file=svd --system-info=DEVICE_FAMILY="Cyclone II" --system-info=DEVICE=EP2C35F672C6 --system-info=DEVICE_SPEEDGRADE=6 --component-file=/home/student/Labs/embedded-systems-labs/il2206-lab-master/hardware/nios2_ht18_lemonde_streit.qsys --language=VHDL
Progress: Loading hardware/nios2_ht18_lemonde_streit.qsys
Progress: Reading input file
Progress: Adding clk [clock_source 13.0]
Progress: Parameterizing module clk
Progress: Adding nios2_ht18_lemonde_streit [altera_nios2_qsys 13.0]
Progress: Parameterizing module nios2_ht18_lemonde_streit
Progress: Adding onchip_memory [altera_avalon_onchip_memory2 13.0.1.99.2]
Progress: Parameterizing module onchip_memory
Progress: Adding jtag_uart_0 [altera_avalon_jtag_uart 13.0.1.99.2]
Progress: Parameterizing module jtag_uart_0
Progress: Building connections
Progress: Parameterizing connections
Progress: Validating
Progress: Done reading input file
Info: nios2_ht18_lemonde_streit: Generating nios2_ht18_lemonde_streit "nios2_ht18_lemonde_streit" for QUARTUS_SYNTH
Info: pipeline_bridge_swap_transform: After transform: 4 modules, 15 connections
Info: No custom instruction connections, skipping transform 
Info: merlin_translator_transform: After transform: 9 modules, 35 connections
Info: merlin_domain_transform: After transform: 18 modules, 93 connections
Info: merlin_router_transform: After transform: 23 modules, 113 connections
Info: reset_adaptation_transform: After transform: 24 modules, 90 connections
Info: merlin_network_to_switch_transform: After transform: 33 modules, 110 connections
Info: merlin_mm_transform: After transform: 33 modules, 110 connections
Info: merlin_interrupt_mapper_transform: After transform: 34 modules, 113 connections
Warning: nios2_ht18_lemonde_streit: "No matching role found for rst_controller:reset_out:reset_req (reset_req)"
Warning: nios2_ht18_lemonde_streit: "No matching role found for rst_controller:reset_out:reset_req (reset_req)"
Warning: nios2_ht18_lemonde_streit: "No matching role found for rst_controller:reset_out:reset_req (reset_req)"
Warning: nios2_ht18_lemonde_streit: "No matching role found for rst_controller:reset_out:reset_req (reset_req)"
Warning: nios2_ht18_lemonde_streit: "No matching role found for rst_controller:reset_out:reset_req (reset_req)"
Warning: nios2_ht18_lemonde_streit: "No matching role found for rst_controller:reset_out:reset_req (reset_req)"
Warning: nios2_ht18_lemonde_streit: "No matching role found for rst_controller:reset_out:reset_req (reset_req)"
Warning: nios2_ht18_lemonde_streit: "No matching role found for rst_controller:reset_out:reset_req (reset_req)"
Warning: nios2_ht18_lemonde_streit: "No matching role found for rst_controller:reset_out:reset_req (reset_req)"
Warning: nios2_ht18_lemonde_streit: "No matching role found for rst_controller:reset_out:reset_req (reset_req)"
Warning: nios2_ht18_lemonde_streit: "No matching role found for rst_controller:reset_out:reset_req (reset_req)"
Warning: nios2_ht18_lemonde_streit: "No matching role found for rst_controller:reset_out:reset_req (reset_req)"
Warning: nios2_ht18_lemonde_streit: "No matching role found for rst_controller:reset_out:reset_req (reset_req)"
Warning: nios2_ht18_lemonde_streit: "No matching role found for rst_controller:reset_out:reset_req (reset_req)"
Warning: nios2_ht18_lemonde_streit: "No matching role found for rst_controller:reset_out:reset_req (reset_req)"
Warning: nios2_ht18_lemonde_streit: "No matching role found for rst_controller:reset_out:reset_req (reset_req)"
Warning: nios2_ht18_lemonde_streit: "No matching role found for rst_controller:reset_out:reset_req (reset_req)"
Warning: nios2_ht18_lemonde_streit: "No matching role found for rst_controller:reset_out:reset_req (reset_req)"
Warning: nios2_ht18_lemonde_streit: "No matching role found for rst_controller:reset_out:reset_req (reset_req)"
Warning: nios2_ht18_lemonde_streit: "No matching role found for rst_controller:reset_out:reset_req (reset_req)"
Warning: nios2_ht18_lemonde_streit: "No matching role found for rst_controller:reset_out:reset_req (reset_req)"
Warning: nios2_ht18_lemonde_streit: "No matching role found for rst_controller:reset_out:reset_req (reset_req)"
Warning: nios2_ht18_lemonde_streit: "No matching role found for rst_controller:reset_out:reset_req (reset_req)"
Warning: nios2_ht18_lemonde_streit: "No matching role found for rst_controller:reset_out:reset_req (reset_req)"
Warning: nios2_ht18_lemonde_streit: "No matching role found for rst_controller:reset_out:reset_req (reset_req)"
Warning: nios2_ht18_lemonde_streit: "No matching role found for rst_controller:reset_out:reset_req (reset_req)"
Warning: nios2_ht18_lemonde_streit: "No matching role found for rst_controller:reset_out:reset_req (reset_req)"
Warning: nios2_ht18_lemonde_streit: "No matching role found for rst_controller:reset_out:reset_req (reset_req)"
Warning: nios2_ht18_lemonde_streit: "No matching role found for rst_controller:reset_out:reset_req (reset_req)"
Warning: nios2_ht18_lemonde_streit: "No matching role found for rst_controller:reset_out:reset_req (reset_req)"
Warning: nios2_ht18_lemonde_streit: "No matching role found for rst_controller:reset_out:reset_req (reset_req)"
Info: nios2_ht18_lemonde_streit: Starting RTL generation for module 'nios2_ht18_lemonde_streit_nios2_ht18_lemonde_streit'
Info: nios2_ht18_lemonde_streit:   Generation command is [exec /opt/altera/13.0sp1/quartus/../ip/altera/nios2_ip/altera_nios2/eperl -I /opt/altera/13.0sp1/quartus/common/ip/altera/common/perl/5.8.3 -I /opt/altera/13.0sp1/quartus/sopc_builder/bin/europa -I /opt/altera/13.0sp1/quartus/sopc_builder/bin/perl_lib -I /opt/altera/13.0sp1/quartus/sopc_builder/bin -I /opt/altera/13.0sp1/quartus/../ip/altera/nios2_ip/altera_nios2/cpu_lib -I /opt/altera/13.0sp1/quartus/../ip/altera/nios2_ip/altera_nios2/nios_lib -I /opt/altera/13.0sp1/quartus/../ip/altera/nios2_ip/altera_nios2 -I /opt/altera/13.0sp1/quartus/../ip/altera/nios2_ip/altera_nios2 -- /opt/altera/13.0sp1/quartus/../ip/altera/nios2_ip/altera_nios2/generate_rtl.epl --name=nios2_ht18_lemonde_streit_nios2_ht18_lemonde_streit --dir=/tmp/alt7796_5461004494988086329.dir/0001_nios2_ht18_lemonde_streit_gen/ --quartus_dir=/opt/altera/13.0sp1/quartus --verilog --config=/tmp/alt7796_5461004494988086329.dir/0001_nios2_ht18_lemonde_streit_gen//nios2_ht18_lemonde_streit_nios2_ht18_lemonde_streit_processor_configuration.pl  --do_build_sim=0    --bogus  ]
Info: nios2_ht18_lemonde_streit: # 2018.09.22 16:58:30 (*) Starting Nios II generation
Info: nios2_ht18_lemonde_streit: # 2018.09.22 16:58:30 (*)   Checking for plaintext license.
Info: nios2_ht18_lemonde_streit: # 2018.09.22 16:58:31 (*)   Couldn't query license setup in Quartus directory /opt/altera/13.0sp1/quartus
Info: nios2_ht18_lemonde_streit: # 2018.09.22 16:58:31 (*)   Defaulting to contents of LM_LICENSE_FILE environment variable
Info: nios2_ht18_lemonde_streit: # 2018.09.22 16:58:32 (*)   Plaintext license not found.
Info: nios2_ht18_lemonde_streit: # 2018.09.22 16:58:32 (*)   No license required to generate encrypted Nios II/e.
Info: nios2_ht18_lemonde_streit: # 2018.09.22 16:58:32 (*)   Elaborating CPU configuration settings
Info: nios2_ht18_lemonde_streit: # 2018.09.22 16:58:33 (*)   Creating all objects for CPU
Info: nios2_ht18_lemonde_streit: # 2018.09.22 16:58:34 (*)   Generating RTL from CPU objects
Info: nios2_ht18_lemonde_streit: # 2018.09.22 16:58:34 (*)   Creating plain-text RTL
Info: nios2_ht18_lemonde_streit: # 2018.09.22 16:58:37 (*) Done Nios II generation
Info: nios2_ht18_lemonde_streit: Done RTL generation for module 'nios2_ht18_lemonde_streit_nios2_ht18_lemonde_streit'
Info: nios2_ht18_lemonde_streit: "nios2_ht18_lemonde_streit" instantiated altera_nios2_qsys "nios2_ht18_lemonde_streit"
Info: onchip_memory: Starting RTL generation for module 'nios2_ht18_lemonde_streit_onchip_memory'
Info: onchip_memory:   Generation command is [exec /opt/altera/13.0sp1/quartus/linux/perl/bin/perl -I /opt/altera/13.0sp1/quartus/common/ip/altera/common/perl/5.8.3 -I /opt/altera/13.0sp1/quartus/sopc_builder/bin/europa -I /opt/altera/13.0sp1/quartus/sopc_builder/bin/perl_lib -I /opt/altera/13.0sp1/quartus/sopc_builder/bin -I /opt/altera/13.0sp1/quartus/../ip/altera/sopc_builder_ip/common -I /opt/altera/13.0sp1/quartus/../ip/altera/sopc_builder_ip/altera_avalon_onchip_memory2 -- /opt/altera/13.0sp1/quartus/../ip/altera/sopc_builder_ip/altera_avalon_onchip_memory2/generate_rtl.pl --name=nios2_ht18_lemonde_streit_onchip_memory --dir=/tmp/alt7796_5461004494988086329.dir/0002_onchip_memory_gen/ --quartus_dir=/opt/altera/13.0sp1/quartus --verilog --config=/tmp/alt7796_5461004494988086329.dir/0002_onchip_memory_gen//nios2_ht18_lemonde_streit_onchip_memory_component_configuration.pl  --do_build_sim=0  ]
Info: onchip_memory: Done RTL generation for module 'nios2_ht18_lemonde_streit_onchip_memory'
Info: onchip_memory: "nios2_ht18_lemonde_streit" instantiated altera_avalon_onchip_memory2 "onchip_memory"
Info: jtag_uart_0: Starting RTL generation for module 'nios2_ht18_lemonde_streit_jtag_uart_0'
Info: jtag_uart_0:   Generation command is [exec /opt/altera/13.0sp1/quartus/linux/perl/bin/perl -I /opt/altera/13.0sp1/quartus/common/ip/altera/common/perl/5.8.3 -I /opt/altera/13.0sp1/quartus/sopc_builder/bin/europa -I /opt/altera/13.0sp1/quartus/sopc_builder/bin/perl_lib -I /opt/altera/13.0sp1/quartus/sopc_builder/bin -I /opt/altera/13.0sp1/quartus/../ip/altera/sopc_builder_ip/common -I /opt/altera/13.0sp1/quartus/../ip/altera/sopc_builder_ip/altera_avalon_jtag_uart -- /opt/altera/13.0sp1/quartus/../ip/altera/sopc_builder_ip/altera_avalon_jtag_uart/generate_rtl.pl --name=nios2_ht18_lemonde_streit_jtag_uart_0 --dir=/tmp/alt7796_5461004494988086329.dir/0003_jtag_uart_0_gen/ --quartus_dir=/opt/altera/13.0sp1/quartus --verilog --config=/tmp/alt7796_5461004494988086329.dir/0003_jtag_uart_0_gen//nios2_ht18_lemonde_streit_jtag_uart_0_component_configuration.pl  --do_build_sim=0  ]
Info: jtag_uart_0: Done RTL generation for module 'nios2_ht18_lemonde_streit_jtag_uart_0'
Info: jtag_uart_0: "nios2_ht18_lemonde_streit" instantiated altera_avalon_jtag_uart "jtag_uart_0"
Info: nios2_ht18_lemonde_streit_instruction_master_translator: "nios2_ht18_lemonde_streit" instantiated altera_merlin_master_translator "nios2_ht18_lemonde_streit_instruction_master_translator"
Info: nios2_ht18_lemonde_streit_jtag_debug_module_translator: "nios2_ht18_lemonde_streit" instantiated altera_merlin_slave_translator "nios2_ht18_lemonde_streit_jtag_debug_module_translator"
Info: nios2_ht18_lemonde_streit_instruction_master_translator_avalon_universal_master_0_agent: "nios2_ht18_lemonde_streit" instantiated altera_merlin_master_agent "nios2_ht18_lemonde_streit_instruction_master_translator_avalon_universal_master_0_agent"
Info: nios2_ht18_lemonde_streit_jtag_debug_module_translator_avalon_universal_slave_0_agent: "nios2_ht18_lemonde_streit" instantiated altera_merlin_slave_agent "nios2_ht18_lemonde_streit_jtag_debug_module_translator_avalon_universal_slave_0_agent"
Info: nios2_ht18_lemonde_streit_jtag_debug_module_translator_avalon_universal_slave_0_agent_rsp_fifo: "nios2_ht18_lemonde_streit" instantiated altera_avalon_sc_fifo "nios2_ht18_lemonde_streit_jtag_debug_module_translator_avalon_universal_slave_0_agent_rsp_fifo"
Info: addr_router: "nios2_ht18_lemonde_streit" instantiated altera_merlin_router "addr_router"
Info: addr_router_001: "nios2_ht18_lemonde_streit" instantiated altera_merlin_router "addr_router_001"
Info: id_router: "nios2_ht18_lemonde_streit" instantiated altera_merlin_router "id_router"
Info: id_router_002: "nios2_ht18_lemonde_streit" instantiated altera_merlin_router "id_router_002"
Info: rst_controller: "nios2_ht18_lemonde_streit" instantiated altera_reset_controller "rst_controller"
Info: cmd_xbar_demux: "nios2_ht18_lemonde_streit" instantiated altera_merlin_demultiplexer "cmd_xbar_demux"
Info: cmd_xbar_demux_001: "nios2_ht18_lemonde_streit" instantiated altera_merlin_demultiplexer "cmd_xbar_demux_001"
Info: cmd_xbar_mux: "nios2_ht18_lemonde_streit" instantiated altera_merlin_multiplexer "cmd_xbar_mux"
Info: rsp_xbar_demux_002: "nios2_ht18_lemonde_streit" instantiated altera_merlin_demultiplexer "rsp_xbar_demux_002"
Info: rsp_xbar_mux: "nios2_ht18_lemonde_streit" instantiated altera_merlin_multiplexer "rsp_xbar_mux"
Info: Reusing file /home/student/Labs/embedded-systems-labs/il2206-lab-master/hardware/nios2_ht18_lemonde_streit/synthesis/submodules/altera_merlin_arbitrator.sv
Info: rsp_xbar_mux_001: "nios2_ht18_lemonde_streit" instantiated altera_merlin_multiplexer "rsp_xbar_mux_001"
Info: Reusing file /home/student/Labs/embedded-systems-labs/il2206-lab-master/hardware/nios2_ht18_lemonde_streit/synthesis/submodules/altera_merlin_arbitrator.sv
Info: irq_mapper: "nios2_ht18_lemonde_streit" instantiated altera_irq_mapper "irq_mapper"
Info: nios2_ht18_lemonde_streit: Done nios2_ht18_lemonde_streit" with 21 modules, 60 files, 1342150 bytes
Info: ip-generate succeeded.
Info: Finished: Create HDL design files for synthesis
