Flow report for nios2_ht18_lemonde_streit
Sun Sep 23 14:13:06 2018
Quartus II 32-bit Version 13.0.1 Build 232 06/12/2013 Service Pack 1 SJ Full Version


---------------------
; Table of Contents ;
---------------------
  1. Legal Notice
  2. Flow Summary
  3. Flow Settings
  4. Flow Non-Default Global Settings
  5. Flow Elapsed Time
  6. Flow OS Summary
  7. Flow Log
  8. Flow Messages
  9. Flow Suppressed Messages



----------------
; Legal Notice ;
----------------
Copyright (C) 1991-2013 Altera Corporation
Your use of Altera Corporation's design tools, logic functions 
and other software and tools, and its AMPP partner logic 
functions, and any output files from any of the foregoing 
(including device programming or simulation files), and any 
associated documentation or information are expressly subject 
to the terms and conditions of the Altera Program License 
Subscription Agreement, Altera MegaCore Function License 
Agreement, or other applicable license agreement, including, 
without limitation, that your use is for the sole purpose of 
programming logic devices manufactured by Altera and sold by 
Altera or its authorized distributors.  Please refer to the 
applicable agreement for further details.



+---------------------------------------------------------------------------------------+
; Flow Summary                                                                          ;
+------------------------------------+--------------------------------------------------+
; Flow Status                        ; Successful - Sun Sep 23 14:13:06 2018            ;
; Quartus II 32-bit Version          ; 13.0.1 Build 232 06/12/2013 SP 1 SJ Full Version ;
; Revision Name                      ; nios2_ht18_lemonde_streit                        ;
; Top-level Entity Name              ; nios2_ht18_lemonde_streit                        ;
; Family                             ; Cyclone II                                       ;
; Device                             ; EP2C35F672C6                                     ;
; Timing Models                      ; Final                                            ;
; Total logic elements               ; 4,801 / 33,216 ( 14 % )                          ;
;     Total combinational functions  ; 4,403 / 33,216 ( 13 % )                          ;
;     Dedicated logic registers      ; 2,943 / 33,216 ( 9 % )                           ;
; Total registers                    ; 3154                                             ;
; Total pins                         ; 183 / 475 ( 39 % )                               ;
; Total virtual pins                 ; 0                                                ;
; Total memory bits                  ; 273,408 / 483,840 ( 57 % )                       ;
; Embedded Multiplier 9-bit elements ; 0 / 70 ( 0 % )                                   ;
; Total PLLs                         ; 0 / 4 ( 0 % )                                    ;
+------------------------------------+--------------------------------------------------+


+-----------------------------------------------+
; Flow Settings                                 ;
+-------------------+---------------------------+
; Option            ; Setting                   ;
+-------------------+---------------------------+
; Start date & time ; 09/23/2018 14:11:11       ;
; Main task         ; Compilation               ;
; Revision Name     ; nios2_ht18_lemonde_streit ;
+-------------------+---------------------------+


+-----------------------------------------------------------------------------------------------------------------------------------------------------------------------------------------------------------+
; Flow Non-Default Global Settings                                                                                                                                                                          ;
+-------------------------------------+------------------------------------------------------------------------------+---------------+-----------------------------------------------------+----------------+
; Assignment Name                     ; Value                                                                        ; Default Value ; Entity Name                                         ; Section Id     ;
+-------------------------------------+------------------------------------------------------------------------------+---------------+-----------------------------------------------------+----------------+
; COMPILER_SIGNATURE_ID               ; 0.153770467011145                                                            ; --            ; --                                                  ; --             ;
; EDA_OUTPUT_DATA_FORMAT              ; Vhdl                                                                         ; --            ; --                                                  ; eda_simulation ;
; EDA_SIMULATION_TOOL                 ; ModelSim-Altera (VHDL)                                                       ; <None>        ; --                                                  ; --             ;
; IP_TOOL_ENV                         ; Qsys                                                                         ; --            ; altera_avalon_sc_fifo                               ; --             ;
; IP_TOOL_ENV                         ; Qsys                                                                         ; --            ; altera_merlin_burst_adapter                         ; --             ;
; IP_TOOL_ENV                         ; Qsys                                                                         ; --            ; altera_merlin_master_agent                          ; --             ;
; IP_TOOL_ENV                         ; Qsys                                                                         ; --            ; altera_merlin_master_translator                     ; --             ;
; IP_TOOL_ENV                         ; Qsys                                                                         ; --            ; altera_merlin_slave_agent                           ; --             ;
; IP_TOOL_ENV                         ; Qsys                                                                         ; --            ; altera_merlin_slave_translator                      ; --             ;
; IP_TOOL_ENV                         ; Qsys                                                                         ; --            ; altera_merlin_width_adapter                         ; --             ;
; IP_TOOL_ENV                         ; Qsys                                                                         ; --            ; altera_reset_controller                             ; --             ;
; IP_TOOL_ENV                         ; Qsys                                                                         ; --            ; --                                                  ; --             ;
; IP_TOOL_ENV                         ; Qsys                                                                         ; --            ; nios2_ht18_lemonde_streit_addr_router               ; --             ;
; IP_TOOL_ENV                         ; Qsys                                                                         ; --            ; nios2_ht18_lemonde_streit_addr_router_001           ; --             ;
; IP_TOOL_ENV                         ; Qsys                                                                         ; --            ; nios2_ht18_lemonde_streit_cmd_xbar_demux            ; --             ;
; IP_TOOL_ENV                         ; Qsys                                                                         ; --            ; nios2_ht18_lemonde_streit_cmd_xbar_demux_001        ; --             ;
; IP_TOOL_ENV                         ; Qsys                                                                         ; --            ; nios2_ht18_lemonde_streit_cmd_xbar_mux              ; --             ;
; IP_TOOL_ENV                         ; Qsys                                                                         ; --            ; nios2_ht18_lemonde_streit_de2_pio_greenled9         ; --             ;
; IP_TOOL_ENV                         ; Qsys                                                                         ; --            ; nios2_ht18_lemonde_streit_de2_pio_hex_high28        ; --             ;
; IP_TOOL_ENV                         ; Qsys                                                                         ; --            ; nios2_ht18_lemonde_streit_de2_pio_keys4             ; --             ;
; IP_TOOL_ENV                         ; Qsys                                                                         ; --            ; nios2_ht18_lemonde_streit_de2_pio_redled18          ; --             ;
; IP_TOOL_ENV                         ; Qsys                                                                         ; --            ; nios2_ht18_lemonde_streit_de2_pio_toggles18         ; --             ;
; IP_TOOL_ENV                         ; Qsys                                                                         ; --            ; nios2_ht18_lemonde_streit_ht18_lemonde_streit       ; --             ;
; IP_TOOL_ENV                         ; Qsys                                                                         ; --            ; nios2_ht18_lemonde_streit_id_router                 ; --             ;
; IP_TOOL_ENV                         ; Qsys                                                                         ; --            ; nios2_ht18_lemonde_streit_id_router_002             ; --             ;
; IP_TOOL_ENV                         ; Qsys                                                                         ; --            ; nios2_ht18_lemonde_streit_id_router_003             ; --             ;
; IP_TOOL_ENV                         ; Qsys                                                                         ; --            ; nios2_ht18_lemonde_streit_id_router_004             ; --             ;
; IP_TOOL_ENV                         ; Qsys                                                                         ; --            ; nios2_ht18_lemonde_streit_irq_mapper                ; --             ;
; IP_TOOL_ENV                         ; Qsys                                                                         ; --            ; nios2_ht18_lemonde_streit_jtag_uart_0               ; --             ;
; IP_TOOL_ENV                         ; Qsys                                                                         ; --            ; nios2_ht18_lemonde_streit_nios2_ht18_lemonde_streit ; --             ;
; IP_TOOL_ENV                         ; Qsys                                                                         ; --            ; nios2_ht18_lemonde_streit_onchip_memory             ; --             ;
; IP_TOOL_ENV                         ; Qsys                                                                         ; --            ; nios2_ht18_lemonde_streit_p_counter                 ; --             ;
; IP_TOOL_ENV                         ; Qsys                                                                         ; --            ; nios2_ht18_lemonde_streit_rsp_xbar_demux            ; --             ;
; IP_TOOL_ENV                         ; Qsys                                                                         ; --            ; nios2_ht18_lemonde_streit_rsp_xbar_demux_002        ; --             ;
; IP_TOOL_ENV                         ; Qsys                                                                         ; --            ; nios2_ht18_lemonde_streit_rsp_xbar_mux              ; --             ;
; IP_TOOL_ENV                         ; Qsys                                                                         ; --            ; nios2_ht18_lemonde_streit_rsp_xbar_mux_001          ; --             ;
; IP_TOOL_ENV                         ; Qsys                                                                         ; --            ; nios2_ht18_lemonde_streit_sdram                     ; --             ;
; IP_TOOL_ENV                         ; Qsys                                                                         ; --            ; nios2_ht18_lemonde_streit_timer_0                   ; --             ;
; IP_TOOL_ENV                         ; Qsys                                                                         ; --            ; nios2_ht18_lemonde_streit_timer_1                   ; --             ;
; IP_TOOL_NAME                        ; altera_avalon_sc_fifo                                                        ; --            ; altera_avalon_sc_fifo                               ; --             ;
; IP_TOOL_NAME                        ; altera_merlin_burst_adapter                                                  ; --            ; altera_merlin_burst_adapter                         ; --             ;
; IP_TOOL_NAME                        ; altera_merlin_master_agent                                                   ; --            ; altera_merlin_master_agent                          ; --             ;
; IP_TOOL_NAME                        ; altera_merlin_master_translator                                              ; --            ; altera_merlin_master_translator                     ; --             ;
; IP_TOOL_NAME                        ; altera_merlin_slave_agent                                                    ; --            ; altera_merlin_slave_agent                           ; --             ;
; IP_TOOL_NAME                        ; altera_merlin_slave_translator                                               ; --            ; altera_merlin_slave_translator                      ; --             ;
; IP_TOOL_NAME                        ; altera_merlin_width_adapter                                                  ; --            ; altera_merlin_width_adapter                         ; --             ;
; IP_TOOL_NAME                        ; altera_reset_controller                                                      ; --            ; altera_reset_controller                             ; --             ;
; IP_TOOL_NAME                        ; Qsys                                                                         ; --            ; --                                                  ; --             ;
; IP_TOOL_NAME                        ; altera_merlin_router                                                         ; --            ; nios2_ht18_lemonde_streit_addr_router               ; --             ;
; IP_TOOL_NAME                        ; altera_merlin_router                                                         ; --            ; nios2_ht18_lemonde_streit_addr_router_001           ; --             ;
; IP_TOOL_NAME                        ; altera_merlin_demultiplexer                                                  ; --            ; nios2_ht18_lemonde_streit_cmd_xbar_demux            ; --             ;
; IP_TOOL_NAME                        ; altera_merlin_demultiplexer                                                  ; --            ; nios2_ht18_lemonde_streit_cmd_xbar_demux_001        ; --             ;
; IP_TOOL_NAME                        ; altera_merlin_multiplexer                                                    ; --            ; nios2_ht18_lemonde_streit_cmd_xbar_mux              ; --             ;
; IP_TOOL_NAME                        ; altera_avalon_pio                                                            ; --            ; nios2_ht18_lemonde_streit_de2_pio_greenled9         ; --             ;
; IP_TOOL_NAME                        ; altera_avalon_pio                                                            ; --            ; nios2_ht18_lemonde_streit_de2_pio_hex_high28        ; --             ;
; IP_TOOL_NAME                        ; altera_avalon_pio                                                            ; --            ; nios2_ht18_lemonde_streit_de2_pio_keys4             ; --             ;
; IP_TOOL_NAME                        ; altera_avalon_pio                                                            ; --            ; nios2_ht18_lemonde_streit_de2_pio_redled18          ; --             ;
; IP_TOOL_NAME                        ; altera_avalon_pio                                                            ; --            ; nios2_ht18_lemonde_streit_de2_pio_toggles18         ; --             ;
; IP_TOOL_NAME                        ; altera_avalon_sysid_qsys                                                     ; --            ; nios2_ht18_lemonde_streit_ht18_lemonde_streit       ; --             ;
; IP_TOOL_NAME                        ; altera_merlin_router                                                         ; --            ; nios2_ht18_lemonde_streit_id_router                 ; --             ;
; IP_TOOL_NAME                        ; altera_merlin_router                                                         ; --            ; nios2_ht18_lemonde_streit_id_router_002             ; --             ;
; IP_TOOL_NAME                        ; altera_merlin_router                                                         ; --            ; nios2_ht18_lemonde_streit_id_router_003             ; --             ;
; IP_TOOL_NAME                        ; altera_merlin_router                                                         ; --            ; nios2_ht18_lemonde_streit_id_router_004             ; --             ;
; IP_TOOL_NAME                        ; altera_irq_mapper                                                            ; --            ; nios2_ht18_lemonde_streit_irq_mapper                ; --             ;
; IP_TOOL_NAME                        ; altera_avalon_jtag_uart                                                      ; --            ; nios2_ht18_lemonde_streit_jtag_uart_0               ; --             ;
; IP_TOOL_NAME                        ; altera_nios2_qsys                                                            ; --            ; nios2_ht18_lemonde_streit_nios2_ht18_lemonde_streit ; --             ;
; IP_TOOL_NAME                        ; altera_avalon_onchip_memory2                                                 ; --            ; nios2_ht18_lemonde_streit_onchip_memory             ; --             ;
; IP_TOOL_NAME                        ; altera_avalon_performance_counter                                            ; --            ; nios2_ht18_lemonde_streit_p_counter                 ; --             ;
; IP_TOOL_NAME                        ; altera_merlin_demultiplexer                                                  ; --            ; nios2_ht18_lemonde_streit_rsp_xbar_demux            ; --             ;
; IP_TOOL_NAME                        ; altera_merlin_demultiplexer                                                  ; --            ; nios2_ht18_lemonde_streit_rsp_xbar_demux_002        ; --             ;
; IP_TOOL_NAME                        ; altera_merlin_multiplexer                                                    ; --            ; nios2_ht18_lemonde_streit_rsp_xbar_mux              ; --             ;
; IP_TOOL_NAME                        ; altera_merlin_multiplexer                                                    ; --            ; nios2_ht18_lemonde_streit_rsp_xbar_mux_001          ; --             ;
; IP_TOOL_NAME                        ; altera_avalon_new_sdram_controller                                           ; --            ; nios2_ht18_lemonde_streit_sdram                     ; --             ;
; IP_TOOL_NAME                        ; altera_avalon_timer                                                          ; --            ; nios2_ht18_lemonde_streit_timer_0                   ; --             ;
; IP_TOOL_NAME                        ; altera_avalon_timer                                                          ; --            ; nios2_ht18_lemonde_streit_timer_1                   ; --             ;
; IP_TOOL_VERSION                     ; 13.0                                                                         ; --            ; altera_avalon_sc_fifo                               ; --             ;
; IP_TOOL_VERSION                     ; 13.0                                                                         ; --            ; altera_merlin_burst_adapter                         ; --             ;
; IP_TOOL_VERSION                     ; 13.0                                                                         ; --            ; altera_merlin_master_agent                          ; --             ;
; IP_TOOL_VERSION                     ; 13.0                                                                         ; --            ; altera_merlin_master_translator                     ; --             ;
; IP_TOOL_VERSION                     ; 13.0                                                                         ; --            ; altera_merlin_slave_agent                           ; --             ;
; IP_TOOL_VERSION                     ; 13.0                                                                         ; --            ; altera_merlin_slave_translator                      ; --             ;
; IP_TOOL_VERSION                     ; 13.0                                                                         ; --            ; altera_merlin_width_adapter                         ; --             ;
; IP_TOOL_VERSION                     ; 13.0                                                                         ; --            ; altera_reset_controller                             ; --             ;
; IP_TOOL_VERSION                     ; 13.0sp1                                                                      ; --            ; --                                                  ; --             ;
; IP_TOOL_VERSION                     ; 13.0                                                                         ; --            ; nios2_ht18_lemonde_streit_addr_router               ; --             ;
; IP_TOOL_VERSION                     ; 13.0                                                                         ; --            ; nios2_ht18_lemonde_streit_addr_router_001           ; --             ;
; IP_TOOL_VERSION                     ; 13.0                                                                         ; --            ; nios2_ht18_lemonde_streit_cmd_xbar_demux            ; --             ;
; IP_TOOL_VERSION                     ; 13.0                                                                         ; --            ; nios2_ht18_lemonde_streit_cmd_xbar_demux_001        ; --             ;
; IP_TOOL_VERSION                     ; 13.0                                                                         ; --            ; nios2_ht18_lemonde_streit_cmd_xbar_mux              ; --             ;
; IP_TOOL_VERSION                     ; 13.0.1.99.2                                                                  ; --            ; nios2_ht18_lemonde_streit_de2_pio_greenled9         ; --             ;
; IP_TOOL_VERSION                     ; 13.0.1.99.2                                                                  ; --            ; nios2_ht18_lemonde_streit_de2_pio_hex_high28        ; --             ;
; IP_TOOL_VERSION                     ; 13.0.1.99.2                                                                  ; --            ; nios2_ht18_lemonde_streit_de2_pio_keys4             ; --             ;
; IP_TOOL_VERSION                     ; 13.0.1.99.2                                                                  ; --            ; nios2_ht18_lemonde_streit_de2_pio_redled18          ; --             ;
; IP_TOOL_VERSION                     ; 13.0.1.99.2                                                                  ; --            ; nios2_ht18_lemonde_streit_de2_pio_toggles18         ; --             ;
; IP_TOOL_VERSION                     ; 13.0                                                                         ; --            ; nios2_ht18_lemonde_streit_ht18_lemonde_streit       ; --             ;
; IP_TOOL_VERSION                     ; 13.0                                                                         ; --            ; nios2_ht18_lemonde_streit_id_router                 ; --             ;
; IP_TOOL_VERSION                     ; 13.0                                                                         ; --            ; nios2_ht18_lemonde_streit_id_router_002             ; --             ;
; IP_TOOL_VERSION                     ; 13.0                                                                         ; --            ; nios2_ht18_lemonde_streit_id_router_003             ; --             ;
; IP_TOOL_VERSION                     ; 13.0                                                                         ; --            ; nios2_ht18_lemonde_streit_id_router_004             ; --             ;
; IP_TOOL_VERSION                     ; 13.0                                                                         ; --            ; nios2_ht18_lemonde_streit_irq_mapper                ; --             ;
; IP_TOOL_VERSION                     ; 13.0.1.99.2                                                                  ; --            ; nios2_ht18_lemonde_streit_jtag_uart_0               ; --             ;
; IP_TOOL_VERSION                     ; 13.0                                                                         ; --            ; nios2_ht18_lemonde_streit_nios2_ht18_lemonde_streit ; --             ;
; IP_TOOL_VERSION                     ; 13.0.1.99.2                                                                  ; --            ; nios2_ht18_lemonde_streit_onchip_memory             ; --             ;
; IP_TOOL_VERSION                     ; 13.0.1.99.2                                                                  ; --            ; nios2_ht18_lemonde_streit_p_counter                 ; --             ;
; IP_TOOL_VERSION                     ; 13.0                                                                         ; --            ; nios2_ht18_lemonde_streit_rsp_xbar_demux            ; --             ;
; IP_TOOL_VERSION                     ; 13.0                                                                         ; --            ; nios2_ht18_lemonde_streit_rsp_xbar_demux_002        ; --             ;
; IP_TOOL_VERSION                     ; 13.0                                                                         ; --            ; nios2_ht18_lemonde_streit_rsp_xbar_mux              ; --             ;
; IP_TOOL_VERSION                     ; 13.0                                                                         ; --            ; nios2_ht18_lemonde_streit_rsp_xbar_mux_001          ; --             ;
; IP_TOOL_VERSION                     ; 13.0.1.99.2                                                                  ; --            ; nios2_ht18_lemonde_streit_sdram                     ; --             ;
; IP_TOOL_VERSION                     ; 13.0.1.99.2                                                                  ; --            ; nios2_ht18_lemonde_streit_timer_0                   ; --             ;
; IP_TOOL_VERSION                     ; 13.0.1.99.2                                                                  ; --            ; nios2_ht18_lemonde_streit_timer_1                   ; --             ;
; MAX_CORE_JUNCTION_TEMP              ; 85                                                                           ; --            ; --                                                  ; --             ;
; MIN_CORE_JUNCTION_TEMP              ; 0                                                                            ; --            ; --                                                  ; --             ;
; MISC_FILE                           ; nios2_ht18_lemonde_streit/synthesis/../../nios2_ht18_lemonde_streit.cmp      ; --            ; --                                                  ; --             ;
; MISC_FILE                           ; nios2_ht18_lemonde_streit/synthesis/../../nios2_ht18_lemonde_streit.qsys     ; --            ; --                                                  ; --             ;
; PARTITION_COLOR                     ; 2147039                                                                      ; --            ; --                                                  ; Top            ;
; PARTITION_FITTER_PRESERVATION_LEVEL ; PLACEMENT_AND_ROUTING                                                        ; --            ; --                                                  ; Top            ;
; PARTITION_NETLIST_TYPE              ; SOURCE                                                                       ; --            ; --                                                  ; Top            ;
; POWER_BOARD_THERMAL_MODEL           ; None (CONSERVATIVE)                                                          ; --            ; --                                                  ; --             ;
; POWER_PRESET_COOLING_SOLUTION       ; 23 MM HEAT SINK WITH 200 LFPM AIRFLOW                                        ; --            ; --                                                  ; --             ;
; PROJECT_OUTPUT_DIRECTORY            ; output_files                                                                 ; --            ; --                                                  ; --             ;
; SLD_INFO                            ; QSYS_NAME nios2_ht18_lemonde_streit HAS_SOPCINFO 1 GENERATION_ID 1537704630  ; --            ; --                                                  ; --             ;
; SOPCINFO_FILE                       ; nios2_ht18_lemonde_streit/synthesis/../../nios2_ht18_lemonde_streit.sopcinfo ; --            ; --                                                  ; --             ;
; SYNTHESIS_ONLY_QIP                  ; On                                                                           ; --            ; --                                                  ; --             ;
+-------------------------------------+------------------------------------------------------------------------------+---------------+-----------------------------------------------------+----------------+


+-------------------------------------------------------------------------------------------------------------------------------+
; Flow Elapsed Time                                                                                                             ;
+---------------------------+--------------+-------------------------+---------------------+------------------------------------+
; Module Name               ; Elapsed Time ; Average Processors Used ; Peak Virtual Memory ; Total CPU Time (on all processors) ;
+---------------------------+--------------+-------------------------+---------------------+------------------------------------+
; Analysis & Synthesis      ; 00:00:29     ; 1.0                     ; 460 MB              ; 00:00:23                           ;
; Fitter                    ; 00:00:33     ; 1.0                     ; 539 MB              ; 00:00:29                           ;
; Assembler                 ; 00:00:08     ; 1.0                     ; 360 MB              ; 00:00:03                           ;
; TimeQuest Timing Analyzer ; 00:00:15     ; 1.0                     ; 354 MB              ; 00:00:02                           ;
; EDA Netlist Writer        ; 00:00:21     ; 1.0                     ; 356 MB              ; 00:00:04                           ;
; Total                     ; 00:01:46     ; --                      ; --                  ; 00:01:01                           ;
+---------------------------+--------------+-------------------------+---------------------+------------------------------------+


+---------------------------------------------------------------------------------------------+
; Flow OS Summary                                                                             ;
+---------------------------+------------------+----------------+------------+----------------+
; Module Name               ; Machine Hostname ; OS Name        ; OS Version ; Processor type ;
+---------------------------+------------------+----------------+------------+----------------+
; Analysis & Synthesis      ; il2206           ; Ubuntu 16.04.5 ; 16         ; i686           ;
; Fitter                    ; il2206           ; Ubuntu 16.04.5 ; 16         ; i686           ;
; Assembler                 ; il2206           ; Ubuntu 16.04.5 ; 16         ; i686           ;
; TimeQuest Timing Analyzer ; il2206           ; Ubuntu 16.04.5 ; 16         ; i686           ;
; EDA Netlist Writer        ; il2206           ; Ubuntu 16.04.5 ; 16         ; i686           ;
+---------------------------+------------------+----------------+------------+----------------+


------------
; Flow Log ;
------------
quartus_map --read_settings_files=on --write_settings_files=off nios2_ht18_lemonde_streit -c nios2_ht18_lemonde_streit
quartus_fit --read_settings_files=off --write_settings_files=off nios2_ht18_lemonde_streit -c nios2_ht18_lemonde_streit
quartus_asm --read_settings_files=off --write_settings_files=off nios2_ht18_lemonde_streit -c nios2_ht18_lemonde_streit
quartus_sta nios2_ht18_lemonde_streit -c nios2_ht18_lemonde_streit
quartus_eda --read_settings_files=off --write_settings_files=off nios2_ht18_lemonde_streit -c nios2_ht18_lemonde_streit



